A51 MACRO ASSEMBLER  SHOW                                                                 08/25/2021 17:03:51 PAGE     1


MACRO ASSEMBLER A51 V8.01
OBJECT MODULE PLACED IN SHOW.obj
ASSEMBLER INVOKED BY: C:\Keil\C51\BIN\A51.EXE ASM\SHOW.a51 SET(SMALL) DEBUG PRINT(.\SHOW.lst) OBJECT(SHOW.obj) EP

LOC  OBJ            LINE     SOURCE

0000                   1     ORG     0000H                           
0000                   2         LJMP        Main                    
*** _________________________________________^
*** ERROR #A45 IN 2 (ASM\SHOW.a51, LINE 2): UNDEFINED SYMBOL (PASS-2)
0023                   3     ORG     0023H   
0023 759931            4         MOV SBUF,#31H   
                       5     END
A51 MACRO ASSEMBLER  SHOW                                                                 08/25/2021 17:03:51 PAGE     2

SYMBOL TABLE LISTING
------ ----- -------


N A M E             T Y P E  V A L U E   ATTRIBUTES

MAIN . . . . . . .    ----   -----       
SBUF . . . . . . .  D ADDR   0099H   A   


REGISTER BANK(S) USED: 0 


ASSEMBLY COMPLETE.  0 WARNING(S), 1 ERROR(S)
